d:\学习\数据库系统 陈岭\实验\minisql\minisql-合\minisql-合\debug\vc141.pdb
d:\学习\数据库系统 陈岭\实验\minisql\minisql-合\minisql-合\debug\vc141.idb
d:\学习\数据库系统 陈岭\实验\minisql\minisql-合\minisql-合\debug\record_manager.obj
d:\学习\数据库系统 陈岭\实验\minisql\minisql-合\minisql-合\debug\main.obj
d:\学习\数据库系统 陈岭\实验\minisql\minisql-合\minisql-合\debug\interpreter.obj
d:\学习\数据库系统 陈岭\实验\minisql\minisql-合\minisql-合\debug\indexmanager.obj
d:\学习\数据库系统 陈岭\实验\minisql\minisql-合\minisql-合\debug\catalog_manager.obj
d:\学习\数据库系统 陈岭\实验\minisql\minisql-合\minisql-合\debug\buffer_manager.obj
d:\学习\数据库系统 陈岭\实验\minisql\minisql-合\minisql-合\debug\basic.obj
d:\学习\数据库系统 陈岭\实验\minisql\minisql-合\minisql-合\debug\api.obj
d:\学习\数据库系统 陈岭\实验\minisql\minisql-合\debug\minisql-合.exe
d:\学习\数据库系统 陈岭\实验\minisql\minisql-合\debug\minisql-合.ilk
d:\学习\数据库系统 陈岭\实验\minisql\minisql-合\debug\minisql-合.pdb
d:\学习\数据库系统 陈岭\实验\minisql\minisql-合\minisql-合\debug\catalog_manager.obj.enc
d:\学习\数据库系统 陈岭\实验\minisql\minisql-合\minisql-合\debug\interpreter.obj.enc
d:\学习\数据库系统 陈岭\实验\minisql\minisql-合\minisql-合\debug\minisql-合.tlog\cl.command.1.tlog
d:\学习\数据库系统 陈岭\实验\minisql\minisql-合\minisql-合\debug\minisql-合.tlog\cl.read.1.tlog
d:\学习\数据库系统 陈岭\实验\minisql\minisql-合\minisql-合\debug\minisql-合.tlog\cl.write.1.tlog
d:\学习\数据库系统 陈岭\实验\minisql\minisql-合\minisql-合\debug\minisql-合.tlog\link.command.1.tlog
d:\学习\数据库系统 陈岭\实验\minisql\minisql-合\minisql-合\debug\minisql-合.tlog\link.read.1.tlog
d:\学习\数据库系统 陈岭\实验\minisql\minisql-合\minisql-合\debug\minisql-合.tlog\link.write.1.tlog
